# JRE version: OpenJDK Runtime Environment (8.0_242-b01) (build 1.8.0_242-release-1644-b01)
# Java VM: OpenJDK 64-Bit Server VM (25.242-b01 mixed mode windows-amd64 compressed oops)
Heap:
 PSYoungGen      total 526336K, used 356065K [0x00000000d5580000, 0x00000000ffe80000, 0x0000000100000000)
  eden space 365568K, 70% used [0x00000000d5580000,0x00000000e51d1fa0,0x00000000eba80000)
  from space 160768K, 60% used [0x00000000eba80000,0x00000000f19e66a8,0x00000000f5780000)
  to   space 165888K, 0% used [0x00000000f5c80000,0x00000000f5c80000,0x00000000ffe80000)
 ParOldGen       total 316416K, used 239585K [0x0000000080000000, 0x0000000093500000, 0x00000000d5580000)
  object space 316416K, 75% used [0x0000000080000000,0x000000008e9f8410,0x0000000093500000)
 Metaspace       used 126713K, capacity 137112K, committed 137304K, reserved 1169408K
  class space    used 16085K, capacity 17932K, committed 18048K, reserved 1048576K
GC Heap History (10 events):
Event: 2968.024 GC heap before
{Heap before GC invocations=63 (full 6):
 PSYoungGen      total 546304K, used 404642K [0x00000000d5580000, 0x0000000100000000, 0x0000000100000000)
  eden space 387584K, 99% used [0x00000000d5580000,0x00000000ecff6c38,0x00000000ed000000)
  from space 158720K, 10% used [0x00000000f6500000,0x00000000f75b1c00,0x0000000100000000)
  to   space 152576K, 0% used [0x00000000ed000000,0x00000000ed000000,0x00000000f6500000)
 ParOldGen       total 316416K, used 195323K [0x0000000080000000, 0x0000000093500000, 0x00000000d5580000)
  object space 316416K, 61% used [0x0000000080000000,0x000000008bebef40,0x0000000093500000)
 Metaspace       used 126482K, capacity 136714K, committed 136920K, reserved 1169408K
  class space    used 16071K, capacity 17909K, committed 17920K, reserved 1048576K
Event: 2968.223 GC heap after
Heap after GC invocations=63 (full 6):
 PSYoungGen      total 499200K, used 111190K [0x00000000d5580000, 0x0000000100000000, 0x0000000100000000)
  eden space 387584K, 0% used [0x00000000d5580000,0x00000000d5580000,0x00000000ed000000)
  from space 111616K, 99% used [0x00000000ed000000,0x00000000f3c95a68,0x00000000f3d00000)
  to   space 166400K, 0% used [0x00000000f5d80000,0x00000000f5d80000,0x0000000100000000)
 ParOldGen       total 316416K, used 200747K [0x0000000080000000, 0x0000000093500000, 0x00000000d5580000)
  object space 316416K, 63% used [0x0000000080000000,0x000000008c40ad88,0x0000000093500000)
 Metaspace       used 126482K, capacity 136714K, committed 136920K, reserved 1169408K
  class space    used 16071K, capacity 17909K, committed 17920K, reserved 1048576K
}
Event: 3037.295 GC heap before
{Heap before GC invocations=64 (full 6):
 PSYoungGen      total 499200K, used 498774K [0x00000000d5580000, 0x0000000100000000, 0x0000000100000000)
  eden space 387584K, 100% used [0x00000000d5580000,0x00000000ed000000,0x00000000ed000000)
  from space 111616K, 99% used [0x00000000ed000000,0x00000000f3c95a68,0x00000000f3d00000)
  to   space 166400K, 0% used [0x00000000f5d80000,0x00000000f5d80000,0x0000000100000000)
 ParOldGen       total 316416K, used 200747K [0x0000000080000000, 0x0000000093500000, 0x00000000d5580000)
  object space 316416K, 63% used [0x0000000080000000,0x000000008c40ad88,0x0000000093500000)
 Metaspace       used 126584K, capacity 136886K, committed 137048K, reserved 1169408K
  class space    used 16081K, capacity 17927K, committed 18048K, reserved 1048576K
Event: 3037.361 GC heap after
Heap after GC invocations=64 (full 6):
 PSYoungGen      total 539648K, used 27532K [0x00000000d5580000, 0x0000000100000000, 0x0000000100000000)
  eden space 373248K, 0% used [0x00000000d5580000,0x00000000d5580000,0x00000000ec200000)
  from space 166400K, 16% used [0x00000000f5d80000,0x00000000f7863020,0x0000000100000000)
  to   space 159232K, 0% used [0x00000000ec200000,0x00000000ec200000,0x00000000f5d80000)
 ParOldGen       total 316416K, used 204083K [0x0000000080000000, 0x0000000093500000, 0x00000000d5580000)
  object space 316416K, 64% used [0x0000000080000000,0x000000008c74cdd0,0x0000000093500000)
 Metaspace       used 126584K, capacity 136886K, committed 137048K, reserved 1169408K
  class space    used 16081K, capacity 17927K, committed 18048K, reserved 1048576K
}
Event: 3039.943 GC heap before
{Heap before GC invocations=65 (full 6):
 PSYoungGen      total 539648K, used 400780K [0x00000000d5580000, 0x0000000100000000, 0x0000000100000000)
  eden space 373248K, 100% used [0x00000000d5580000,0x00000000ec200000,0x00000000ec200000)
  from space 166400K, 16% used [0x00000000f5d80000,0x00000000f7863020,0x0000000100000000)
  to   space 159232K, 0% used [0x00000000ec200000,0x00000000ec200000,0x00000000f5d80000)
 ParOldGen       total 316416K, used 204083K [0x0000000080000000, 0x0000000093500000, 0x00000000d5580000)
  object space 316416K, 64% used [0x0000000080000000,0x000000008c74cdd0,0x0000000093500000)
 Metaspace       used 126584K, capacity 136886K, committed 137048K, reserved 1169408K
  class space    used 16081K, capacity 17927K, committed 18048K, reserved 1048576K
Event: 3040.127 GC heap after
Heap after GC invocations=65 (full 6):
 PSYoungGen      total 487936K, used 114613K [0x00000000d5580000, 0x0000000100000000, 0x0000000100000000)
  eden space 373248K, 0% used [0x00000000d5580000,0x00000000d5580000,0x00000000ec200000)
  from space 114688K, 99% used [0x00000000ec200000,0x00000000f31ed428,0x00000000f3200000)
  to   space 172544K, 0% used [0x00000000f5780000,0x00000000f5780000,0x0000000100000000)
 ParOldGen       total 316416K, used 213621K [0x0000000080000000, 0x0000000093500000, 0x00000000d5580000)
  object space 316416K, 67% used [0x0000000080000000,0x000000008d09d770,0x0000000093500000)
 Metaspace       used 126584K, capacity 136886K, committed 137048K, reserved 1169408K
  class space    used 16081K, capacity 17927K, committed 18048K, reserved 1048576K
}
Event: 3109.797 GC heap before
{Heap before GC invocations=66 (full 6):
 PSYoungGen      total 487936K, used 487861K [0x00000000d5580000, 0x0000000100000000, 0x0000000100000000)
  eden space 373248K, 100% used [0x00000000d5580000,0x00000000ec200000,0x00000000ec200000)
  from space 114688K, 99% used [0x00000000ec200000,0x00000000f31ed428,0x00000000f3200000)
  to   space 172544K, 0% used [0x00000000f5780000,0x00000000f5780000,0x0000000100000000)
 ParOldGen       total 316416K, used 213621K [0x0000000080000000, 0x0000000093500000, 0x00000000d5580000)
  object space 316416K, 67% used [0x0000000080000000,0x000000008d09d770,0x0000000093500000)
 Metaspace       used 126640K, capacity 137078K, committed 137304K, reserved 1169408K
  class space    used 16081K, capacity 17927K, committed 18048K, reserved 1048576K
Event: 3109.853 GC heap after
Heap after GC invocations=66 (full 6):
 PSYoungGen      total 538112K, used 55267K [0x00000000d5580000, 0x0000000100000000, 0x0000000100000000)
  eden space 365568K, 0% used [0x00000000d5580000,0x00000000d5580000,0x00000000eba80000)
  from space 172544K, 32% used [0x00000000f5780000,0x00000000f8d78e10,0x0000000100000000)
  to   space 160768K, 0% used [0x00000000eba80000,0x00000000eba80000,0x00000000f5780000)
 ParOldGen       total 316416K, used 213741K [0x0000000080000000, 0x0000000093500000, 0x00000000d5580000)
  object space 316416K, 67% used [0x0000000080000000,0x000000008d0bb670,0x0000000093500000)
 Metaspace       used 126640K, capacity 137078K, committed 137304K, reserved 1169408K
  class space    used 16081K, capacity 17927K, committed 18048K, reserved 1048576K
}
Event: 3112.050 GC heap before
{Heap before GC invocations=67 (full 6):
 PSYoungGen      total 538112K, used 420271K [0x00000000d5580000, 0x0000000100000000, 0x0000000100000000)
  eden space 365568K, 99% used [0x00000000d5580000,0x00000000eb9f31a8,0x00000000eba80000)
  from space 172544K, 32% used [0x00000000f5780000,0x00000000f8d78e10,0x0000000100000000)
  to   space 160768K, 0% used [0x00000000eba80000,0x00000000eba80000,0x00000000f5780000)
 ParOldGen       total 316416K, used 213741K [0x0000000080000000, 0x0000000093500000, 0x00000000d5580000)
  object space 316416K, 67% used [0x0000000080000000,0x000000008d0bb670,0x0000000093500000)
 Metaspace       used 126642K, capacity 137078K, committed 137304K, reserved 1169408K
  class space    used 16081K, capacity 17927K, committed 18048K, reserved 1048576K
Event: 3112.268 GC heap after
Heap after GC invocations=67 (full 6):
 PSYoungGen      total 526336K, used 97689K [0x00000000d5580000, 0x00000000ffe80000, 0x0000000100000000)
  eden space 365568K, 0% used [0x00000000d5580000,0x00000000d5580000,0x00000000eba80000)
  from space 160768K, 60% used [0x00000000eba80000,0x00000000f19e66a8,0x00000000f5780000)
  to   space 165888K, 0% used [0x00000000f5c80000,0x00000000f5c80000,0x00000000ffe80000)
 ParOldGen       total 316416K, used 239585K [0x0000000080000000, 0x0000000093500000, 0x00000000d5580000)
  object space 316416K, 75% used [0x0000000080000000,0x000000008e9f8410,0x0000000093500000)
 Metaspace       used 126642K, capacity 137078K, committed 137304K, reserved 1169408K
  class space    used 16081K, capacity 17927K, committed 18048K, reserved 1048576K
}

